\BOOKMARK [1][-]{section.1}{\376\377\000I\000n\000t\000r\000o\000d\000u\000c\000c\000i\000\363\000n}{}% 1
\BOOKMARK [1][-]{section.2}{\376\377\000C\000a\000s\000o\000\040\0001\000:\000\040\000A\000n\000\341\000l\000i\000s\000i\000s\000\040\000d\000e\000\040\000D\000a\000t\000o\000s\000\040\000C\000l\000i\000m\000\341\000t\000i\000c\000o\000s}{}% 2
\BOOKMARK [2][-]{subsection.2.1}{\376\377\000I\000n\000t\000r\000o\000d\000u\000c\000c\000i\000\363\000n\000\040\000a\000l\000\040\000C\000a\000s\000o}{section.2}% 3
\BOOKMARK [2][-]{subsection.2.2}{\376\377\000R\000e\000g\000i\000s\000t\000r\000o\000\040\000d\000e\000l\000\040\000p\000r\000o\000c\000e\000d\000i\000m\000i\000e\000n\000t\000o\000\040\000u\000t\000i\000l\000i\000z\000a\000d\000o}{section.2}% 4
\BOOKMARK [3][-]{subsubsection.2.2.1}{\376\377\000C\000o\000n\000t\000a\000r\000\040\000d\000\355\000a\000s\000\040\000c\000o\000n\000\040\000t\000e\000m\000p\000e\000r\000a\000t\000u\000r\000a\000\040\000m\000\341\000x\000i\000m\000a\000\040\000T\000\040\000>\0003\0000\000C}{subsection.2.2}% 5
\BOOKMARK [3][-]{subsubsection.2.2.2}{\376\377\000C\000o\000n\000t\000a\000r\000\040\000d\000\355\000a\000s\000\040\000c\000o\000n\000\040\000t\000e\000m\000p\000e\000r\000a\000t\000u\000r\000a\000\040\000m\000\355\000n\000i\000m\000a\000\040\000T\000\040\000<\0001\0000\000C}{subsection.2.2}% 6
\BOOKMARK [3][-]{subsubsection.2.2.3}{\376\377\000C\000a\000l\000c\000u\000l\000a\000r\000\040\000l\000a\000\040\000t\000e\000m\000p\000e\000r\000a\000t\000u\000r\000a\000\040\000p\000r\000o\000m\000e\000d\000i\000o\000\040\000d\000i\000a\000r\000i\000a}{subsection.2.2}% 7
\BOOKMARK [3][-]{subsubsection.2.2.4}{\376\377\000C\000o\000n\000t\000a\000r\000\040\000d\000\355\000a\000s\000\040\000c\000o\000n\000\040\0001\0008\000C\000\040\000T\000p\000r\000o\000m\000\040\0002\0002\000C}{subsection.2.2}% 8
\BOOKMARK [2][-]{subsection.2.3}{\376\377\000C\000a\000r\000d\000i\000n\000a\000l\000i\000d\000a\000d\000e\000s\000\040\000o\000b\000t\000e\000n\000i\000d\000a\000s\000\040\000y\000\040\000r\000e\000p\000r\000e\000s\000e\000n\000t\000a\000c\000i\000o\000n\000e\000s}{section.2}% 9
\BOOKMARK [2][-]{subsection.2.4}{\376\377\000I\000n\000t\000e\000r\000p\000r\000e\000t\000a\000c\000i\000\363\000n\000\040\000d\000e\000\040\000c\000o\000n\000j\000u\000n\000t\000o\000s\000\040\000e\000\040\000i\000n\000t\000e\000r\000s\000e\000c\000c\000i\000o\000n\000e\000s}{section.2}% 10
\BOOKMARK [3][-]{subsubsection.2.4.1}{\376\377\000I\000n\000t\000e\000r\000p\000r\000e\000t\000a\000c\000i\000\363\000n\000\040\000d\000e\000\040\000A\000\040\000B}{subsection.2.4}% 11
\BOOKMARK [3][-]{subsubsection.2.4.2}{\376\377\000I\000n\000t\000e\000r\000p\000r\000e\000t\000a\000c\000i\000\363\000n\000\040\000d\000e\000\040\000A\000\040\000C}{subsection.2.4}% 12
\BOOKMARK [3][-]{subsubsection.2.4.3}{\376\377\000I\000n\000t\000e\000r\000p\000r\000e\000t\000a\000c\000i\000\363\000n\000\040\000d\000e\000\040\000B\000\040\000C}{subsection.2.4}% 13
\BOOKMARK [3][-]{subsubsection.2.4.4}{\376\377\000I\000n\000t\000e\000r\000p\000r\000e\000t\000a\000c\000i\000\363\000n\000\040\000d\000e\000\040\000A\000\040\000B\000\040\000C}{subsection.2.4}% 14
\BOOKMARK [2][-]{subsection.2.5}{\376\377\000A\000n\000\341\000l\000i\000s\000i\000s\000\040\000c\000r\000\355\000t\000i\000c\000o\000\040\000d\000e\000\040\000d\000a\000t\000o\000s\000\040\000c\000l\000i\000m\000\341\000t\000i\000c\000o\000s}{section.2}% 15
\BOOKMARK [3][-]{subsubsection.2.5.1}{\376\377\000P\000r\000e\000g\000u\000n\000t\000a\000\040\000A\000:\000\040\000C\000o\000m\000p\000a\000r\000a\000c\000i\000\363\000n\000\040\000g\000e\000o\000g\000r\000\341\000f\000i\000c\000a\000\040\000d\000e\000\040\000l\000a\000\040\000i\000n\000t\000e\000r\000s\000e\000c\000c\000i\000\363\000n\000\040\000A\000\040\000B}{subsection.2.5}% 16
\BOOKMARK [3][-]{subsubsection.2.5.2}{\376\377\000P\000r\000e\000g\000u\000n\000t\000a\000\040\000B\000:\000\040\000R\000e\000f\000u\000t\000a\000c\000i\000\363\000n\000\040\000o\000\040\000c\000o\000n\000f\000i\000r\000m\000a\000c\000i\000\363\000n\000\040\000d\000e\000\040\000m\000o\000d\000e\000l\000o\000s\000\040\000p\000r\000e\000d\000i\000c\000t\000i\000v\000o\000s\000\040\000e\000n\000\040\000l\000a\000\040\000Z\000o\000n\000a\000\040\000S\000u\000r}{subsection.2.5}% 17
\BOOKMARK [2][-]{subsection.2.6}{\376\377\000R\000e\000f\000e\000r\000e\000n\000c\000i\000a\000s\000\040\000B\000i\000b\000l\000i\000o\000g\000r\000\341\000f\000i\000c\000a\000s\000\040\000-\000\040\000C\000a\000s\000o\000\040\0001}{section.2}% 18
\BOOKMARK [1][-]{section.3}{\376\377\000C\000a\000s\000o\000\040\0002\000:\000\040\000O\000p\000t\000i\000m\000i\000z\000a\000c\000i\000\363\000n\000\040\000d\000e\000\040\000B\000r\000a\000z\000o\000\040\000R\000o\000b\000\363\000t\000i\000c\000o}{}% 19
\BOOKMARK [2][-]{subsection.3.1}{\376\377\000I\000n\000t\000r\000o\000d\000u\000c\000c\000i\000\363\000n\000\040\000a\000l\000\040\000C\000a\000s\000o}{section.3}% 20
\BOOKMARK [2][-]{subsection.3.2}{\376\377\000D\000i\000s\000e\000\361\000o\000\040\000e\000\040\000i\000m\000p\000l\000e\000m\000e\000n\000t\000a\000c\000i\000\363\000n\000\040\000d\000e\000l\000\040\000m\000o\000d\000e\000l\000o}{section.3}% 21
\BOOKMARK [2][-]{subsection.3.3}{\376\377\000A\000n\000\341\000l\000i\000s\000i\000s\000\040\000c\000i\000n\000e\000m\000\341\000t\000i\000c\000o\000\040\000y\000\040\000c\000\341\000l\000c\000u\000l\000o\000\040\000d\000e\000\040\000\341\000n\000g\000u\000l\000o\000s}{section.3}% 22
\BOOKMARK [3][-]{subsubsection.3.3.1}{\376\377\000C\000\341\000l\000c\000u\000l\000o\000\040\000d\000e\000\040\000l\000a\000\040\000d\000i\000s\000t\000a\000n\000c\000i\000a\000\040\000e\000u\000c\000l\000i\000d\000i\000a\000n\000a\000\040\000a\000l\000\040\000p\000u\000n\000t\000o\000\040\000o\000b\000j\000e\000t\000i\000v\000o}{subsection.3.3}% 23
\BOOKMARK [3][-]{subsubsection.3.3.2}{\376\377\000D\000e\000t\000e\000r\000m\000i\000n\000a\000c\000i\000\363\000n\000\040\000d\000e\000l\000\040\000\341\000n\000g\000u\000l\000o\000\040\000i\000n\000t\000e\000r\000n\000o\000\040\000d\000e\000l\000\040\000c\000o\000d\000o\000\040\000\050\000\051}{subsection.3.3}% 24
\BOOKMARK [3][-]{subsubsection.3.3.3}{\376\377\000D\000e\000t\000e\000r\000m\000i\000n\000a\000c\000i\000\363\000n\000\040\000d\000e\000l\000\040\000\341\000n\000g\000u\000l\000o\000\040\000d\000e\000\040\000e\000l\000e\000v\000a\000c\000i\000\363\000n\000\040\000\050\000\051}{subsection.3.3}% 25
\BOOKMARK [2][-]{subsection.3.4}{\376\377\000M\000o\000d\000e\000l\000a\000m\000i\000e\000n\000t\000o\000\040\000d\000i\000g\000i\000t\000a\000l\000\040\000y\000\040\000p\000r\000o\000p\000i\000e\000d\000a\000d\000e\000s\000\040\000g\000e\000o\000m\000\351\000t\000r\000i\000c\000a\000s}{section.3}% 26
\BOOKMARK [2][-]{subsection.3.5}{\376\377\000C\000o\000n\000f\000i\000g\000u\000r\000a\000c\000i\000o\000n\000e\000s\000\040\000p\000o\000s\000i\000b\000l\000e\000s\000\040\000p\000a\000r\000a\000\040\000e\000l\000\040\000m\000i\000s\000m\000o\000\040\000p\000u\000n\000t\000o}{section.3}% 27
\BOOKMARK [2][-]{subsection.3.6}{\376\377\000V\000e\000r\000i\000f\000i\000c\000a\000c\000i\000\363\000n\000\040\000d\000e\000l\000\040\000a\000l\000c\000a\000n\000c\000e\000\040\000e\000n\000\040\000e\000l\000\040\000p\000u\000n\000t\000o\000\040\000\050\0002\0000\000,\000\040\0001\0006\0000\000\051}{section.3}% 28
\BOOKMARK [2][-]{subsection.3.7}{\376\377\000R\000e\000f\000e\000r\000e\000n\000c\000i\000a\000s\000\040\000B\000i\000b\000l\000i\000o\000g\000r\000\341\000f\000i\000c\000a\000s\000\040\000-\000\040\000C\000a\000s\000o\000\040\0002}{section.3}% 29
\BOOKMARK [1][-]{section.4}{\376\377\000R\000e\000g\000i\000s\000t\000r\000o\000\040\000d\000e\000\040\000h\000e\000r\000r\000a\000m\000i\000e\000n\000t\000a\000s\000\040\000d\000e\000\040\000I\000A\000\040\000y\000\040\000t\000e\000c\000n\000o\000l\000o\000g\000\355\000a}{}% 30
\BOOKMARK [2][-]{subsection.4.1}{\376\377\000R\000e\000g\000i\000s\000t\000r\000o\000\040\000d\000e\000\040\000h\000e\000r\000r\000a\000m\000i\000e\000n\000t\000a\000s\000\040\000u\000t\000i\000l\000i\000z\000a\000d\000a\000s}{section.4}% 31
\BOOKMARK [2][-]{subsection.4.2}{\376\377\000J\000u\000s\000t\000i\000f\000i\000c\000a\000c\000i\000\363\000n\000\040\000y\000\040\000r\000e\000f\000l\000e\000x\000i\000\363\000n\000\040\000s\000o\000b\000r\000e\000\040\000h\000e\000r\000r\000a\000m\000i\000e\000n\000t\000a\000s}{section.4}% 32
\BOOKMARK [2][-]{subsection.4.3}{\376\377\000U\000s\000o\000\040\000d\000e\000\040\000I\000n\000t\000e\000l\000i\000g\000e\000n\000c\000i\000a\000\040\000A\000r\000t\000i\000f\000i\000c\000i\000a\000l}{section.4}% 33
\BOOKMARK [1][-]{section.5}{\376\377\000C\000o\000n\000c\000l\000u\000s\000i\000\363\000n\000\040\000G\000e\000n\000e\000r\000a\000l}{}% 34
